2019-12-30 23:25:17 INFO  BaseClass:20 - Setting Capabilities .................................................
2019-12-30 23:25:17 INFO  BaseClass:28 - Completed Setting Capabilities .................................................
2019-12-30 23:25:17 INFO  BaseClass:31 - URL is set to  .................................................: http://127.0.0.1:4723/wd/hub
2019-12-30 23:25:37 INFO  BaseClass:33 - Completed Initialization of the Android Driver....................
2019-12-30 23:25:40 ERROR CalculatorTestCases:29 - java.lang.InstantiationException: za.co.tshimx.pageobjects.CalculatorObjects
2019-12-30 23:25:40 ERROR CalculatorTestCases:30 - java.lang.InstantiationException: za.co.tshimx.pageobjects.CalculatorObjects
2019-12-30 23:27:46 INFO  BaseClass:20 - Setting Capabilities .................................................
2019-12-30 23:27:46 INFO  BaseClass:28 - Completed Setting Capabilities .................................................
2019-12-30 23:27:46 INFO  BaseClass:31 - URL is set to  .................................................: http://127.0.0.1:4723/wd/hub
2019-12-30 23:28:04 INFO  BaseClass:33 - Completed Initialization of the Android Driver....................
2019-12-30 23:28:07 INFO  CalculatorTestCases:19 - Driver is:io.appium.java_client.android.AndroidDriver, Capabilities: {appActivity=com.sec.android.app.popupcalculator.Calculator, appPackage=com.sec.android.app.popupcalculator, databaseEnabled=false, desired={platformName=android, appActivity=com.sec.android.app.popupcalculator.Calculator, appPackage=com.sec.android.app.popupcalculator, deviceName=Galaxy J4+, platformVersion=8.1.0, udid=7b3bde25}, deviceApiLevel=27, deviceManufacturer=samsung, deviceModel=SM-J415F, deviceName=7b3bde25, deviceScreenDensity=280, deviceScreenSize=720x1480, deviceUDID=7b3bde25, javascriptEnabled=true, locationContextEnabled=false, networkConnectionEnabled=true, pixelRatio=1.75, platform=LINUX, platformName=Android, platformVersion=8.1.0, statBarHeight=42, takesScreenshot=true, udid=7b3bde25, viewportRect={left=0, top=42, width=720, height=1354}, warnings={}, webStorageEnabled=false}
2019-12-30 23:28:07 ERROR CalculatorTestCases:29 - java.lang.InstantiationException: za.co.tshimx.pageobjects.CalculatorObjects
2019-12-30 23:28:07 ERROR CalculatorTestCases:30 - java.lang.InstantiationException: za.co.tshimx.pageobjects.CalculatorObjects
2019-12-30 23:34:28 INFO  BaseClass:21 - Setting Capabilities .................................................
2019-12-30 23:34:28 INFO  BaseClass:29 - Completed Setting Capabilities .................................................
2019-12-30 23:34:28 INFO  BaseClass:32 - URL is set to  .................................................: http://127.0.0.1:4723/wd/hub
2019-12-30 23:34:47 INFO  BaseClass:34 - Completed Initialization of the Android Driver....................
2019-12-30 23:34:50 INFO  CalculatorTestCases:19 - Driver is:io.appium.java_client.android.AndroidDriver, Capabilities: {appActivity=com.sec.android.app.popupcalculator.Calculator, appPackage=com.sec.android.app.popupcalculator, databaseEnabled=false, desired={platformName=android, appActivity=com.sec.android.app.popupcalculator.Calculator, appPackage=com.sec.android.app.popupcalculator, deviceName=Galaxy J4+, platformVersion=8.1.0, udid=7b3bde25}, deviceApiLevel=27, deviceManufacturer=samsung, deviceModel=SM-J415F, deviceName=7b3bde25, deviceScreenDensity=280, deviceScreenSize=720x1480, deviceUDID=7b3bde25, javascriptEnabled=true, locationContextEnabled=false, networkConnectionEnabled=true, pixelRatio=1.75, platform=LINUX, platformName=Android, platformVersion=8.1.0, statBarHeight=42, takesScreenshot=true, udid=7b3bde25, viewportRect={left=0, top=42, width=720, height=1354}, warnings={}, webStorageEnabled=false}
2019-12-30 23:34:50 ERROR CalculatorTestCases:29 - java.lang.InstantiationException: za.co.tshimx.pageobjects.CalculatorObjects
2019-12-30 23:34:50 ERROR CalculatorTestCases:30 - java.lang.InstantiationException: za.co.tshimx.pageobjects.CalculatorObjects
2019-12-30 23:35:53 INFO  BaseClass:21 - Setting Capabilities .................................................
2019-12-30 23:35:53 INFO  BaseClass:29 - Completed Setting Capabilities .................................................
2019-12-30 23:35:53 INFO  BaseClass:32 - URL is set to  .................................................: http://127.0.0.1:4723/wd/hub
2019-12-30 23:36:11 INFO  BaseClass:34 - Completed Initialization of the Android Driver....................
2019-12-30 23:36:14 INFO  CalculatorTestCases:19 - Driver is:io.appium.java_client.android.AndroidDriver, Capabilities: {appActivity=com.sec.android.app.popupcalculator.Calculator, appPackage=com.sec.android.app.popupcalculator, databaseEnabled=false, desired={platformName=android, appActivity=com.sec.android.app.popupcalculator.Calculator, appPackage=com.sec.android.app.popupcalculator, deviceName=Galaxy J4+, platformVersion=8.1.0, udid=7b3bde25}, deviceApiLevel=27, deviceManufacturer=samsung, deviceModel=SM-J415F, deviceName=7b3bde25, deviceScreenDensity=280, deviceScreenSize=720x1480, deviceUDID=7b3bde25, javascriptEnabled=true, locationContextEnabled=false, networkConnectionEnabled=true, pixelRatio=1.75, platform=LINUX, platformName=Android, platformVersion=8.1.0, statBarHeight=42, takesScreenshot=true, udid=7b3bde25, viewportRect={left=0, top=42, width=720, height=1354}, warnings={}, webStorageEnabled=false}
2019-12-30 23:36:14 ERROR CalculatorTestCases:29 - java.lang.InstantiationException: za.co.tshimx.pageobjects.CalculatorObjects
2019-12-30 23:36:14 ERROR CalculatorTestCases:30 - java.lang.InstantiationException: za.co.tshimx.pageobjects.CalculatorObjects
2019-12-30 23:38:23 INFO  BaseClass:21 - Setting Capabilities .................................................
2019-12-30 23:38:24 INFO  BaseClass:29 - Completed Setting Capabilities .................................................
2019-12-30 23:38:24 INFO  BaseClass:32 - URL is set to  .................................................: http://127.0.0.1:4723/wd/hub
2019-12-30 23:38:42 INFO  BaseClass:34 - Completed Initialization of the Android Driver....................
2019-12-30 23:38:45 INFO  CalculatorTestCases:19 - Driver is:io.appium.java_client.android.AndroidDriver, Capabilities: {appActivity=com.sec.android.app.popupcalculator.Calculator, appPackage=com.sec.android.app.popupcalculator, databaseEnabled=false, desired={platformName=android, appActivity=com.sec.android.app.popupcalculator.Calculator, appPackage=com.sec.android.app.popupcalculator, deviceName=Galaxy J4+, platformVersion=8.1.0, udid=7b3bde25}, deviceApiLevel=27, deviceManufacturer=samsung, deviceModel=SM-J415F, deviceName=7b3bde25, deviceScreenDensity=280, deviceScreenSize=720x1480, deviceUDID=7b3bde25, javascriptEnabled=true, locationContextEnabled=false, networkConnectionEnabled=true, pixelRatio=1.75, platform=LINUX, platformName=Android, platformVersion=8.1.0, statBarHeight=42, takesScreenshot=true, udid=7b3bde25, viewportRect={left=0, top=42, width=720, height=1354}, warnings={}, webStorageEnabled=false}
2019-12-30 23:38:45 ERROR CalculatorTestCases:30 - 
2019-12-30 23:38:45 ERROR CalculatorTestCases:31 - 
2020-01-02 04:52:26 INFO  BaseClass:21 - Setting Capabilities .................................................
2020-01-02 04:52:26 INFO  BaseClass:29 - Completed Setting Capabilities .................................................
2020-01-02 04:52:26 INFO  BaseClass:32 - URL is set to  .................................................: http://127.0.0.1:4723/wd/hub
2020-01-02 04:53:03 INFO  BaseClass:34 - Completed Initialization of the Android Driver....................
2020-01-02 04:53:06 INFO  CalculatorTestCases:21 - Driver is:io.appium.java_client.android.AndroidDriver, Capabilities: {appActivity=com.sec.android.app.popupcalculator.Calculator, appPackage=com.sec.android.app.popupcalculator, databaseEnabled=false, desired={platformName=android, appActivity=com.sec.android.app.popupcalculator.Calculator, appPackage=com.sec.android.app.popupcalculator, deviceName=Galaxy J4+, platformVersion=8.1.0, udid=7b3bde25}, deviceApiLevel=27, deviceManufacturer=samsung, deviceModel=SM-J415F, deviceName=7b3bde25, deviceScreenDensity=280, deviceScreenSize=720x1480, deviceUDID=7b3bde25, javascriptEnabled=true, locationContextEnabled=false, networkConnectionEnabled=true, pixelRatio=1.75, platform=LINUX, platformName=Android, platformVersion=8.1.0, statBarHeight=42, takesScreenshot=true, udid=7b3bde25, viewportRect={left=0, top=42, width=720, height=1354}, warnings={}, webStorageEnabled=false}
2020-01-02 04:53:11 ERROR CalculatorTestCases:33 - Can't locate an element by this strategy: By.chained({By.id: android.widget.EditText})
2020-01-02 04:53:11 ERROR CalculatorTestCases:34 - org.openqa.selenium.TimeoutException: Expected condition failed: waiting for io.appium.java_client.pagefactory.AppiumElementLocator$WaitingFunction@2899a8db (tried for 1 second(s) with 500 milliseconds interval)
2020-01-02 04:54:20 INFO  BaseClass:21 - Setting Capabilities .................................................
2020-01-02 04:54:20 INFO  BaseClass:29 - Completed Setting Capabilities .................................................
2020-01-02 04:54:20 INFO  BaseClass:32 - URL is set to  .................................................: http://127.0.0.1:4723/wd/hub
2020-01-02 04:54:41 INFO  BaseClass:34 - Completed Initialization of the Android Driver....................
2020-01-02 04:54:44 INFO  CalculatorTestCases:21 - Driver is:io.appium.java_client.android.AndroidDriver, Capabilities: {appActivity=com.sec.android.app.popupcalculator.Calculator, appPackage=com.sec.android.app.popupcalculator, databaseEnabled=false, desired={platformName=android, appActivity=com.sec.android.app.popupcalculator.Calculator, appPackage=com.sec.android.app.popupcalculator, deviceName=Galaxy J4+, platformVersion=8.1.0, udid=7b3bde25}, deviceApiLevel=27, deviceManufacturer=samsung, deviceModel=SM-J415F, deviceName=7b3bde25, deviceScreenDensity=280, deviceScreenSize=720x1480, deviceUDID=7b3bde25, javascriptEnabled=true, locationContextEnabled=false, networkConnectionEnabled=true, pixelRatio=1.75, platform=LINUX, platformName=Android, platformVersion=8.1.0, statBarHeight=42, takesScreenshot=true, udid=7b3bde25, viewportRect={left=0, top=42, width=720, height=1354}, warnings={}, webStorageEnabled=false}
2020-01-02 04:54:49 ERROR CalculatorTestCases:33 - Can't locate an element by this strategy: By.chained({By.id: android.widget.EditText})
2020-01-02 04:54:49 ERROR CalculatorTestCases:34 - org.openqa.selenium.TimeoutException: Expected condition failed: waiting for io.appium.java_client.pagefactory.AppiumElementLocator$WaitingFunction@2899a8db (tried for 1 second(s) with 500 milliseconds interval)
2020-01-02 04:56:37 INFO  BaseClass:21 - Setting Capabilities .................................................
2020-01-02 04:56:37 INFO  BaseClass:29 - Completed Setting Capabilities .................................................
2020-01-02 04:56:37 INFO  BaseClass:32 - URL is set to  .................................................: http://127.0.0.1:4723/wd/hub
2020-01-02 04:56:57 INFO  BaseClass:34 - Completed Initialization of the Android Driver....................
2020-01-02 04:57:00 INFO  CalculatorTestCases:21 - Driver is:io.appium.java_client.android.AndroidDriver, Capabilities: {appActivity=com.sec.android.app.popupcalculator.Calculator, appPackage=com.sec.android.app.popupcalculator, databaseEnabled=false, desired={platformName=android, appActivity=com.sec.android.app.popupcalculator.Calculator, appPackage=com.sec.android.app.popupcalculator, deviceName=Galaxy J4+, platformVersion=8.1.0, udid=7b3bde25}, deviceApiLevel=27, deviceManufacturer=samsung, deviceModel=SM-J415F, deviceName=7b3bde25, deviceScreenDensity=280, deviceScreenSize=720x1480, deviceUDID=7b3bde25, javascriptEnabled=true, locationContextEnabled=false, networkConnectionEnabled=true, pixelRatio=1.75, platform=LINUX, platformName=Android, platformVersion=8.1.0, statBarHeight=42, takesScreenshot=true, udid=7b3bde25, viewportRect={left=0, top=42, width=720, height=1354}, warnings={}, webStorageEnabled=false}
2020-01-02 04:57:04 INFO  CalculatorTestCases:30 - Result is:11
